Case #1: EZTGCNWCYEEDSOOBBAFV
Case #2: AYUBDFMONCRQVTUGASF
Case #3: ENPHXOZCEZFBUGDK
Case #4: LJQBDHRCGCHJVKFIAHW
Case #5: APEAFEDZABFZAWCVNA
Case #6: DBPEWFWZZEEGNARC
Case #7: ITJMAMRFVBUGYEHOICLQ
Case #8: ATFBUDVMCWGW
Case #9: WFTZNKTKCDHGEATRUB
Case #10: EEQLMCEGEHIAVJVSDL
Case #11: ISZHBUDFERFOIAIZGPJQ
Case #12: FRGRHMHCAVIUERQQWJJ
Case #13: DMBPGTCAEHTZHETXPKTY
Case #14: OXVTDLBCZEAHQZ
Case #15: CCGEQSIUYVBPGHFQPA
Case #16: DZFLTCLGCEBJPAFYXBG
Case #17: EUGHSHZLUHMTGKBFDM
Case #18: EGJFZTBEQCUKXFSA
Case #19: JSBHLTGAWXFEIWDO
Case #20: KBJCQZFWCURGJZFFEAD
Case #21: TYXLAKFPNMBLGCGIRWEV
Case #22: HMDUDYCQPFBAFKO
Case #23: APZNFGYUTBUVXCIE
Case #24: GBEWDWICLDFF
Case #25: BLIDVNVDGDNRCFFSOQHJ
Case #26: UHDLIHBCOFNBCWYGPTE
Case #27: BKGWJSWYPFBREDA
Case #28: NEVHGICUEIAXBDW
Case #29: EZFCBJKKEDRVRUH
Case #30: VSJLCPPDFEJINASOPB
Case #31: AEUGQLMDVSFCKMGAJSY
Case #32: CZLDAUCPKNADSRFGW
Case #33: ABKBAFYUWTOZOHJDEEQP
Case #34: KCBNOGDSFAMMYQZLS
Case #35: VKRBEBAGGWEGOEDUFNGP
Case #36: ESAGZODBXCQS
Case #37: GFLDPDCDAHYQBIJMEYJF
Case #38: TEVCGXNSFNBD
Case #39: GREATBOBYGICGF
Case #40: BBCZMTEFGCNSLZT
Case #41: DAZVBDETINNLTLIWGF
Case #42: BQCVFFVKBACMBQGIJL
Case #43: CJAGVSFYBRDBYT
Case #44: HICRODTWHFAAGK
Case #45: GFATVPZXQVWZEGDXBW
Case #46: AECAFMVGQJZWBTCQJJ
Case #47: FIQAUDKCBPZSGOCZM
Case #48: BKXDGOWILJLOAE
Case #49: SYWNKLFEXYEEDGPXBCMN
Case #50: BGAQEDZEKT
Case #51: RLCLEGLLBYTFBODWXAC
Case #52: ILOFENLFWGFMBHGDLHFZ
Case #53: YPDIALJFNAGKHKHC
Case #54: LQXZCGBQVUUGSEFSDC
Case #55: JUIBGBCYDXHVAWFQSFPV
Case #56: CRUEIBDIXZBOEWTJMF
Case #57: BUPMGUNHAJBERUQFDZRQ
Case #58: BPMCAFRAYDGQZPQ
Case #59: FCRCIVSHALEHGWM
Case #60: FCWUZGYVEQAMFRCMBGE
Case #61: FLDKYYSBDCDIEZGITTRA
Case #62: GYZBXCQPDFAQZWXH
Case #63: PQTAOFTBMBEAOXUXCD
Case #64: GYYAEVBRCQNQNDF
Case #65: AWGCTEUYWVDH
Case #66: ICPGAMUKFZODSN
Case #67: GANRYCMWFBPDEGRKLJN
Case #68: GCXFZEYIUZZANEDX
Case #69: EGTWCHUYFWBNPJPDCM
Case #70: BERAMAFSSZCPAPA
Case #71: AEIIGCEJOPFZRIVGVQB
Case #72: OMAPJGKZTBFCJDEK
Case #73: CHTZGNXBFUA
Case #74: ZGWDYIUQPLRWCBCFYEI
Case #75: SJBRANCAMIJFBCDZ
Case #76: ADAM
Case #77: BZOCIAGNQGNTMQOLDE
Case #78: EPPHCBAZVRFLEBXIUCM
Case #79: DDICGHHMWBKPYFAMMV
Case #80: FVQKFAQQIDGJCWUCDNAJ
Case #81: EUVDGUGBBAWMCYTNMSCQ
Case #82: AOWEVJIEGDAZMGSEHFLS
Case #83: CWUGJEUXKDAMFDKAC
Case #84: LNSRRXUFKPGLLDABVLCK
Case #85: XPUOADIMVADRCWEFG
Case #86: BIFPGUHPTKED
Case #87: PYLPVRAFOWBQDEGFIH
Case #88: BZZCDVFBZBATAKUYR
Case #89: DWCZPWSEDCFGJ
Case #90: FNHJAZGANRWQCVEQPB
Case #91: PSRLMRCGBRIFEKCD
Case #92: CGZXMPVKFKEBJRIUBEG
Case #93: BUHEHXFUBHPGRYCCA
Case #94: VAERFLBVDVRGQU
Case #95: BGOPCROKIVAOHF
Case #96: AGVSEKLNFVHBWCEPD
Case #97: EZGSGADGNBFK
Case #98: HSILBEXFRKLSESDIPCFR
Case #99: BNFQTVCATNRGGHTJ
Case #100: DGBCUDZFAK
